# JRE version: OpenJDK Runtime Environment (11.0.2+9) (build 11.0.2+9)
# Java VM: OpenJDK 64-Bit Server VM (11.0.2+9, mixed mode, tiered, compressed oops, g1 gc, bsd-amd64)
Heap:
 garbage-first heap   total 131072K, used 13521K [0x0000000780000000, 0x0000000800000000)
  region size 1024K, 14 young (14336K), 4 survivors (4096K)
 Metaspace       used 16235K, capacity 18268K, committed 18560K, reserved 1064960K
  class space    used 1647K, capacity 2388K, committed 2432K, reserved 1048576K
GC Heap History (6 events):
Event: 148.107 GC heap before
{Heap before GC invocations=0 (full 0):
 garbage-first heap   total 131072K, used 13312K [0x0000000780000000, 0x0000000800000000)
  region size 1024K, 14 young (14336K), 0 survivors (0K)
 Metaspace       used 8517K, capacity 8686K, committed 8832K, reserved 1056768K
  class space    used 794K, capacity 859K, committed 896K, reserved 1048576K
}
Event: 148.116 GC heap after
{Heap after GC invocations=1 (full 0):
 garbage-first heap   total 131072K, used 2257K [0x0000000780000000, 0x0000000800000000)
  region size 1024K, 2 young (2048K), 2 survivors (2048K)
 Metaspace       used 8517K, capacity 8686K, committed 8832K, reserved 1056768K
  class space    used 794K, capacity 859K, committed 896K, reserved 1048576K
}
Event: 2415.895 GC heap before
{Heap before GC invocations=1 (full 0):
 garbage-first heap   total 131072K, used 78033K [0x0000000780000000, 0x0000000800000000)
  region size 1024K, 76 young (77824K), 2 survivors (2048K)
 Metaspace       used 15862K, capacity 17490K, committed 17664K, reserved 1064960K
  class space    used 1610K, capacity 2217K, committed 2304K, reserved 1048576K
}
Event: 2415.917 GC heap after
{Heap after GC invocations=2 (full 0):
 garbage-first heap   total 131072K, used 4199K [0x0000000780000000, 0x0000000800000000)
  region size 1024K, 4 young (4096K), 4 survivors (4096K)
 Metaspace       used 15862K, capacity 17490K, committed 17664K, reserved 1064960K
  class space    used 1610K, capacity 2217K, committed 2304K, reserved 1048576K
}
Event: 2705.889 GC heap before
{Heap before GC invocations=2 (full 0):
 garbage-first heap   total 131072K, used 76903K [0x0000000780000000, 0x0000000800000000)
  region size 1024K, 76 young (77824K), 4 survivors (4096K)
 Metaspace       used 16233K, capacity 18268K, committed 18560K, reserved 1064960K
  class space    used 1647K, capacity 2388K, committed 2432K, reserved 1048576K
}
Event: 2705.907 GC heap after
{Heap after GC invocations=3 (full 0):
 garbage-first heap   total 131072K, used 4305K [0x0000000780000000, 0x0000000800000000)
  region size 1024K, 4 young (4096K), 4 survivors (4096K)
 Metaspace       used 16233K, capacity 18268K, committed 18560K, reserved 1064960K
  class space    used 1647K, capacity 2388K, committed 2432K, reserved 1048576K
}

